This file contains any messages produced by compilers while
running configure, to aid debugging if configure makes a mistake.

It was created by libskin configure 0.1.0, which was
generated by GNU Autoconf 2.61.  Invocation command line was

  $ ./configure --no-create --no-recursion

## --------- ##
## Platform. ##
## --------- ##

hostname = kelvenxu
uname -m = i686
uname -r = 2.6.27-7-generic
uname -s = Linux
uname -v = #1 SMP Thu Oct 30 04:18:38 UTC 2008

/usr/bin/uname -p = unknown
/bin/uname -X     = unknown

/bin/arch              = unknown
/usr/bin/arch -k       = unknown
/usr/convex/getsysinfo = unknown
/usr/bin/hostinfo      = unknown
/bin/machine           = unknown
/usr/bin/oslevel       = unknown
/bin/universe          = unknown

PATH: /home/kelvenxu/bin
PATH: /usr/local/sbin
PATH: /usr/local/bin
PATH: /usr/sbin
PATH: /usr/bin
PATH: /sbin
PATH: /bin
PATH: /usr/games


## ----------- ##
## Core tests. ##
## ----------- ##

configure:2041: checking for a BSD-compatible install
configure:2097: result: /usr/bin/install -c
configure:2108: checking whether build environment is sane
configure:2151: result: yes
configure:2216: checking for gawk
configure:2232: found /usr/bin/gawk
configure:2243: result: gawk
configure:2254: checking whether make sets $(MAKE)
configure:2275: result: yes
configure:2511: checking for gcc
configure:2527: found /usr/bin/gcc
configure:2538: result: gcc
configure:2776: checking for C compiler version
configure:2783: gcc --version >&5
gcc (Ubuntu 4.3.2-1ubuntu11) 4.3.2
Copyright (C) 2008 Free Software Foundation, Inc.
This is free software; see the source for copying conditions.  There is NO
warranty; not even for MERCHANTABILITY or FITNESS FOR A PARTICULAR PURPOSE.

configure:2786: $? = 0
configure:2793: gcc -v >&5
Using built-in specs.
Target: i486-linux-gnu
Configured with: ../src/configure -v --with-pkgversion='Ubuntu 4.3.2-1ubuntu11' --with-bugurl=file:///usr/share/doc/gcc-4.3/README.Bugs --enable-languages=c,c++,fortran,objc,obj-c++ --prefix=/usr --enable-shared --with-system-zlib --libexecdir=/usr/lib --without-included-gettext --enable-threads=posix --enable-nls --with-gxx-include-dir=/usr/include/c++/4.3 --program-suffix=-4.3 --enable-clocale=gnu --enable-libstdcxx-debug --enable-objc-gc --enable-mpfr --enable-targets=all --enable-checking=release --build=i486-linux-gnu --host=i486-linux-gnu --target=i486-linux-gnu
Thread model: posix
gcc version 4.3.2 (Ubuntu 4.3.2-1ubuntu11) 
configure:2796: $? = 0
configure:2803: gcc -V >&5
gcc: '-V' option must have argument
configure:2806: $? = 1
configure:2829: checking for C compiler default output file name
configure:2856: gcc    conftest.c  >&5
configure:2859: $? = 0
configure:2897: result: a.out
configure:2914: checking whether the C compiler works
configure:2924: ./a.out
configure:2927: $? = 0
configure:2944: result: yes
configure:2951: checking whether we are cross compiling
configure:2953: result: no
configure:2956: checking for suffix of executables
configure:2963: gcc -o conftest    conftest.c  >&5
configure:2966: $? = 0
configure:2990: result: 
configure:2996: checking for suffix of object files
configure:3022: gcc -c   conftest.c >&5
configure:3025: $? = 0
configure:3048: result: o
configure:3052: checking whether we are using the GNU C compiler
configure:3081: gcc -c   conftest.c >&5
configure:3087: $? = 0
configure:3104: result: yes
configure:3109: checking whether gcc accepts -g
configure:3139: gcc -c -g  conftest.c >&5
configure:3145: $? = 0
configure:3244: result: yes
configure:3261: checking for gcc option to accept ISO C89
configure:3335: gcc  -c -g -O2  conftest.c >&5
configure:3341: $? = 0
configure:3364: result: none needed
configure:3393: checking for style of include used by make
configure:3421: result: GNU
configure:3449: checking dependency style of gcc
configure:3539: result: gcc3
configure:3562: checking how to run the C preprocessor
configure:3602: gcc -E  conftest.c
configure:3608: $? = 0
configure:3639: gcc -E  conftest.c
conftest.c:14:28: error: ac_nonexistent.h: No such file or directory
configure:3645: $? = 1
configure: failed program was:
| /* confdefs.h.  */
| #define PACKAGE_NAME "libskin"
| #define PACKAGE_TARNAME "libskin"
| #define PACKAGE_VERSION "0.1.0"
| #define PACKAGE_STRING "libskin 0.1.0"
| #define PACKAGE_BUGREPORT "chipx86@chipx86.com"
| #define LIBSKIN_MAJOR_VERSION 0
| #define LIBSKIN_MINOR_VERSION 1
| #define LIBSKIN_MICRO_VERSION 0
| #define LIBSKIN_VERSION "0.1.0"
| #define PACKAGE "libskin"
| #define VERSION "0.1.0"
| /* end confdefs.h.  */
| #include <ac_nonexistent.h>
configure:3678: result: gcc -E
configure:3707: gcc -E  conftest.c
configure:3713: $? = 0
configure:3744: gcc -E  conftest.c
conftest.c:14:28: error: ac_nonexistent.h: No such file or directory
configure:3750: $? = 1
configure: failed program was:
| /* confdefs.h.  */
| #define PACKAGE_NAME "libskin"
| #define PACKAGE_TARNAME "libskin"
| #define PACKAGE_VERSION "0.1.0"
| #define PACKAGE_STRING "libskin 0.1.0"
| #define PACKAGE_BUGREPORT "chipx86@chipx86.com"
| #define LIBSKIN_MAJOR_VERSION 0
| #define LIBSKIN_MINOR_VERSION 1
| #define LIBSKIN_MICRO_VERSION 0
| #define LIBSKIN_VERSION "0.1.0"
| #define PACKAGE "libskin"
| #define VERSION "0.1.0"
| /* end confdefs.h.  */
| #include <ac_nonexistent.h>
configure:3787: checking whether make sets $(MAKE)
configure:3808: result: yes
configure:3817: checking whether ln -s works
configure:3821: result: yes
configure:3841: checking for a BSD-compatible install
configure:3897: result: /usr/bin/install -c
configure:3910: checking for an ANSI C-conforming const
configure:3985: gcc -c -g -O2  conftest.c >&5
configure:3991: $? = 0
configure:4006: result: yes
configure:4017: checking for grep that handles long lines and -e
configure:4091: result: /bin/grep
configure:4096: checking for egrep
configure:4174: result: /bin/grep -E
configure:4179: checking for ANSI C header files
configure:4209: gcc -c -g -O2  conftest.c >&5
configure:4215: $? = 0
configure:4314: gcc -o conftest -g -O2   conftest.c  >&5
configure:4317: $? = 0
configure:4323: ./conftest
configure:4326: $? = 0
configure:4343: result: yes
configure:4367: checking for sys/types.h
configure:4388: gcc -c -g -O2  conftest.c >&5
configure:4394: $? = 0
configure:4410: result: yes
configure:4367: checking for sys/stat.h
configure:4388: gcc -c -g -O2  conftest.c >&5
configure:4394: $? = 0
configure:4410: result: yes
configure:4367: checking for stdlib.h
configure:4388: gcc -c -g -O2  conftest.c >&5
configure:4394: $? = 0
configure:4410: result: yes
configure:4367: checking for string.h
configure:4388: gcc -c -g -O2  conftest.c >&5
configure:4394: $? = 0
configure:4410: result: yes
configure:4367: checking for memory.h
configure:4388: gcc -c -g -O2  conftest.c >&5
configure:4394: $? = 0
configure:4410: result: yes
configure:4367: checking for strings.h
configure:4388: gcc -c -g -O2  conftest.c >&5
configure:4394: $? = 0
configure:4410: result: yes
configure:4367: checking for inttypes.h
configure:4388: gcc -c -g -O2  conftest.c >&5
configure:4394: $? = 0
configure:4410: result: yes
configure:4367: checking for stdint.h
configure:4388: gcc -c -g -O2  conftest.c >&5
configure:4394: $? = 0
configure:4410: result: yes
configure:4367: checking for unistd.h
configure:4388: gcc -c -g -O2  conftest.c >&5
configure:4394: $? = 0
configure:4410: result: yes
configure:4422: checking for size_t
configure:4452: gcc -c -g -O2  conftest.c >&5
configure:4458: $? = 0
configure:4473: result: yes
configure:4518: checking build system type
configure:4536: result: i686-pc-linux-gnu
configure:4558: checking host system type
configure:4573: result: i686-pc-linux-gnu
configure:4595: checking for a sed that does not truncate output
configure:4674: result: /bin/sed
configure:4692: checking for fgrep
configure:4770: result: /bin/grep -F
configure:4805: checking for ld used by gcc
configure:4872: result: /usr/bin/ld
configure:4881: checking if the linker (/usr/bin/ld) is GNU ld
configure:4896: result: yes
configure:4908: checking for BSD- or MS-compatible name lister (nm)
configure:4957: result: /usr/bin/nm -B
configure:5079: checking the name lister (/usr/bin/nm -B) interface
configure:5086: gcc -c -g -O2  conftest.c >&5
configure:5089: /usr/bin/nm -B "conftest.o"
configure:5092: output
00000000 B some_variable
configure:5099: result: BSD nm
configure:5103: checking the maximum length of command line arguments
configure:5223: result: 1572864
configure:5240: checking whether the shell understands some XSI constructs
configure:5250: result: yes
configure:5254: checking whether the shell understands "+="
configure:5260: result: yes
configure:5295: checking for /usr/bin/ld option to reload object files
configure:5302: result: -r
configure:5329: checking how to recognize dependent libraries
configure:5519: result: pass_all
configure:5579: checking for ar
configure:5595: found /usr/bin/ar
configure:5606: result: ar
configure:5688: checking for strip
configure:5704: found /usr/bin/strip
configure:5715: result: strip
configure:5791: checking for ranlib
configure:5807: found /usr/bin/ranlib
configure:5818: result: ranlib
configure:5912: checking command to parse /usr/bin/nm -B output from gcc object
configure:6030: gcc -c -g -O2  conftest.c >&5
configure:6033: $? = 0
configure:6037: /usr/bin/nm -B conftest.o \| sed -n -e 's/^.*[	 ]\([ABCDGIRSTW][ABCDGIRSTW]*\)[	 ][	 ]*\([_A-Za-z][_A-Za-z0-9]*\)$/\1 \2 \2/p' \> conftest.nm
configure:6040: $? = 0
configure:6094: gcc -o conftest -g -O2   conftest.c conftstm.o >&5
configure:6097: $? = 0
configure:6135: result: ok
configure:7012: checking for dlfcn.h
configure:7033: gcc -c -g -O2  conftest.c >&5
configure:7039: $? = 0
configure:7055: result: yes
configure:7239: checking for objdir
configure:7254: result: .libs
configure:7546: checking if gcc supports -fno-rtti -fno-exceptions
configure:7564: gcc -c -g -O2  -fno-rtti -fno-exceptions conftest.c >&5
cc1: warning: command line option "-fno-rtti" is valid for C++/ObjC++ but not for C
configure:7568: $? = 0
configure:7581: result: no
configure:7601: checking for gcc option to produce PIC
configure:7858: result: -fPIC -DPIC
configure:7870: checking if gcc PIC flag -fPIC -DPIC works
configure:7888: gcc -c -g -O2  -fPIC -DPIC -DPIC conftest.c >&5
configure:7892: $? = 0
configure:7905: result: yes
configure:7929: checking if gcc static flag -static works
configure:7957: result: yes
configure:7972: checking if gcc supports -c -o file.o
configure:7993: gcc -c -g -O2  -o out/conftest2.o conftest.c >&5
configure:7997: $? = 0
configure:8019: result: yes
configure:8027: checking if gcc supports -c -o file.o
configure:8074: result: yes
configure:8107: checking whether the gcc linker (/usr/bin/ld) supports shared libraries
configure:9162: result: yes
configure:9199: checking whether -lc should be explicitly linked in
configure:9204: gcc -c -g -O2  conftest.c >&5
configure:9207: $? = 0
configure:9222: gcc -shared conftest.o  -v -Wl,-soname -Wl,conftest -o conftest 2\>\&1 \| /bin/grep  -lc  \>/dev/null 2\>\&1
configure:9225: $? = 0
configure:9237: result: no
configure:9401: checking dynamic linker characteristics
configure:9844: gcc -o conftest -g -O2   -Wl,-rpath -Wl,/foo conftest.c  >&5
configure:9850: $? = 0
configure:10092: result: GNU/Linux ld.so
configure:10194: checking how to hardcode library paths into programs
configure:10219: result: immediate
configure:11032: checking whether stripping libraries is possible
configure:11037: result: yes
configure:11072: checking if libtool supports shared libraries
configure:11074: result: yes
configure:11077: checking whether to build shared libraries
configure:11098: result: yes
configure:11101: checking whether to build static libraries
configure:11105: result: yes
configure:11191: checking for pkg-config
configure:11209: found /usr/bin/pkg-config
configure:11221: result: /usr/bin/pkg-config
configure:11250: checking pkg-config is at least version 0.9.0
configure:11253: result: yes
configure:11264: checking for PACKAGE
configure:11272: $PKG_CONFIG --exists --print-errors "$pkg_modules"
configure:11275: $? = 0
configure:11290: $PKG_CONFIG --exists --print-errors "$pkg_modules"
configure:11293: $? = 0
configure:11369: result: yes
configure:11405: checking for perl5
configure:11435: result: no
configure:11405: checking for perl
configure:11421: found /usr/bin/perl
configure:11432: result: perl
configure:11563: checking for iso-codes package
configure:11569: result: yes
configure:11581: checking whether iso-codes has iso-639 and iso-3166 domains
configure:11590: result: yes
configure:11738: creating ./config.status

## ---------------- ##
## Cache variables. ##
## ---------------- ##

ac_cv_build=i686-pc-linux-gnu
ac_cv_c_compiler_gnu=yes
ac_cv_c_const=yes
ac_cv_env_CC_set=
ac_cv_env_CC_value=
ac_cv_env_CFLAGS_set=
ac_cv_env_CFLAGS_value=
ac_cv_env_CPPFLAGS_set=
ac_cv_env_CPPFLAGS_value=
ac_cv_env_CPP_set=
ac_cv_env_CPP_value=
ac_cv_env_LDFLAGS_set=
ac_cv_env_LDFLAGS_value=
ac_cv_env_LIBS_set=
ac_cv_env_LIBS_value=
ac_cv_env_PACKAGE_CFLAGS_set=
ac_cv_env_PACKAGE_CFLAGS_value=
ac_cv_env_PACKAGE_LIBS_set=
ac_cv_env_PACKAGE_LIBS_value=
ac_cv_env_PKG_CONFIG_set=
ac_cv_env_PKG_CONFIG_value=
ac_cv_env_build_alias_set=
ac_cv_env_build_alias_value=
ac_cv_env_host_alias_set=
ac_cv_env_host_alias_value=
ac_cv_env_target_alias_set=
ac_cv_env_target_alias_value=
ac_cv_header_dlfcn_h=yes
ac_cv_header_inttypes_h=yes
ac_cv_header_memory_h=yes
ac_cv_header_stdc=yes
ac_cv_header_stdint_h=yes
ac_cv_header_stdlib_h=yes
ac_cv_header_string_h=yes
ac_cv_header_strings_h=yes
ac_cv_header_sys_stat_h=yes
ac_cv_header_sys_types_h=yes
ac_cv_header_unistd_h=yes
ac_cv_host=i686-pc-linux-gnu
ac_cv_objext=o
ac_cv_path_EGREP='/bin/grep -E'
ac_cv_path_FGREP='/bin/grep -F'
ac_cv_path_GREP=/bin/grep
ac_cv_path_SED=/bin/sed
ac_cv_path_ac_pt_PKG_CONFIG=/usr/bin/pkg-config
ac_cv_path_install='/usr/bin/install -c'
ac_cv_prog_AWK=gawk
ac_cv_prog_CPP='gcc -E'
ac_cv_prog_PERL=perl
ac_cv_prog_ac_ct_AR=ar
ac_cv_prog_ac_ct_CC=gcc
ac_cv_prog_ac_ct_RANLIB=ranlib
ac_cv_prog_ac_ct_STRIP=strip
ac_cv_prog_cc_c89=
ac_cv_prog_cc_g=yes
ac_cv_prog_make_make_set=yes
ac_cv_type_size_t=yes
am_cv_CC_dependencies_compiler_type=gcc3
lt_cv_deplibs_check_method=pass_all
lt_cv_file_magic_cmd='$MAGIC_CMD'
lt_cv_file_magic_test_file=
lt_cv_ld_reload_flag=-r
lt_cv_nm_interface='BSD nm'
lt_cv_objdir=.libs
lt_cv_path_LD=/usr/bin/ld
lt_cv_path_NM='/usr/bin/nm -B'
lt_cv_prog_compiler_c_o=yes
lt_cv_prog_compiler_pic_works=yes
lt_cv_prog_compiler_rtti_exceptions=no
lt_cv_prog_compiler_static_works=yes
lt_cv_prog_gnu_ld=yes
lt_cv_sys_global_symbol_pipe='sed -n -e '\''s/^.*[	 ]\([ABCDGIRSTW][ABCDGIRSTW]*\)[	 ][	 ]*\([_A-Za-z][_A-Za-z0-9]*\)$/\1 \2 \2/p'\'''
lt_cv_sys_global_symbol_to_c_name_address='sed -n -e '\''s/^: \([^ ]*\) $/  {\"\1\", (void *) 0},/p'\'' -e '\''s/^[ABCDGIRSTW]* \([^ ]*\) \([^ ]*\)$/  {"\2", (void *) \&\2},/p'\'''
lt_cv_sys_global_symbol_to_c_name_address_lib_prefix='sed -n -e '\''s/^: \([^ ]*\) $/  {\"\1\", (void *) 0},/p'\'' -e '\''s/^[ABCDGIRSTW]* \([^ ]*\) \(lib[^ ]*\)$/  {"\2", (void *) \&\2},/p'\'' -e '\''s/^[ABCDGIRSTW]* \([^ ]*\) \([^ ]*\)$/  {"lib\2", (void *) \&\2},/p'\'''
lt_cv_sys_global_symbol_to_cdecl='sed -n -e '\''s/^T .* \(.*\)$/extern int \1();/p'\'' -e '\''s/^[ABCDGIRSTW]* .* \(.*\)$/extern char \1;/p'\'''
lt_cv_sys_max_cmd_len=1572864
pkg_cv_PACKAGE_CFLAGS='-I/usr/include/pango-1.0 -I/usr/include/glib-2.0 -I/usr/lib/glib-2.0/include -I/usr/include/gtk-2.0 -I/usr/lib/gtk-2.0/include -I/usr/include/atk-1.0 -I/usr/include/cairo -I/usr/include/pixman-1 -I/usr/include/freetype2 -I/usr/include/libpng12 -I/usr/include/libxml2 -I/usr/include/libgnomecanvas-2.0 -I/usr/include/gail-1.0 -I/usr/include/libart-2.0  '
pkg_cv_PACKAGE_LIBS='-lxml2 -lgnomecanvas-2 -lart_lgpl_2 -lgtk-x11-2.0 -lgdk-x11-2.0 -latk-1.0 -lpangoft2-1.0 -lgdk_pixbuf-2.0 -lm -lpangocairo-1.0 -lgio-2.0 -lcairo -lpango-1.0 -lfreetype -lz -lfontconfig -lgobject-2.0 -lgmodule-2.0 -lglib-2.0  '

## ----------------- ##
## Output variables. ##
## ----------------- ##

ACLOCAL='${SHELL} /home/kelvenxu/proj/libskin/missing --run aclocal-1.9'
AMDEPBACKSLASH='\'
AMDEP_FALSE='#'
AMDEP_TRUE=''
AMTAR='${SHELL} /home/kelvenxu/proj/libskin/missing --run tar'
AR='ar'
AUTOCONF='${SHELL} /home/kelvenxu/proj/libskin/missing --run autoconf'
AUTOHEADER='${SHELL} /home/kelvenxu/proj/libskin/missing --run autoheader'
AUTOMAKE='${SHELL} /home/kelvenxu/proj/libskin/missing --run automake-1.9'
AWK='gawk'
CC='gcc'
CCDEPMODE='depmode=gcc3'
CFLAGS='-g -O2 -Wall'
CPP='gcc -E'
CPPFLAGS=''
CYGPATH_W='echo'
DEFS='-DHAVE_CONFIG_H'
DEPDIR='.deps'
DSYMUTIL=''
DUMPBIN=''
ECHO_C=''
ECHO_N='-n'
ECHO_T=''
EGREP='/bin/grep -E'
ENABLE_GTK_DOC_FALSE=''
ENABLE_GTK_DOC_TRUE='#'
EXEEXT=''
FGREP='/bin/grep -F'
GLIB_GENMARSHAL='glib-genmarshal'
GREP='/bin/grep'
GTK_DOC_USE_LIBTOOL_FALSE='#'
GTK_DOC_USE_LIBTOOL_TRUE=''
HTML_DIR='${datadir}/gtk-doc/html'
INSTALL_DATA='${INSTALL} -m 644'
INSTALL_PROGRAM='${INSTALL}'
INSTALL_SCRIPT='${INSTALL}'
INSTALL_STRIP_PROGRAM='${SHELL} $(install_sh) -c -s'
LD='/usr/bin/ld'
LDFLAGS=''
LIBOBJS=''
LIBS=''
LIBTOOL='$(SHELL) $(top_builddir)/libtool'
LIPO=''
LN_S='ln -s'
LTLIBOBJS=''
LT_AGE='0'
LT_CURRENT='2'
LT_RELEASE='0.1.0'
LT_REVISION='4'
MAKEINFO='${SHELL} /home/kelvenxu/proj/libskin/missing --run makeinfo'
NM='/usr/bin/nm -B'
NMEDIT=''
NO_UNDEFINED=''
OBJEXT='o'
OTOOL64=''
OTOOL=''
PACKAGE='libskin'
PACKAGE_BUGREPORT='chipx86@chipx86.com'
PACKAGE_CFLAGS='-I/usr/include/pango-1.0 -I/usr/include/glib-2.0 -I/usr/lib/glib-2.0/include -I/usr/include/gtk-2.0 -I/usr/lib/gtk-2.0/include -I/usr/include/atk-1.0 -I/usr/include/cairo -I/usr/include/pixman-1 -I/usr/include/freetype2 -I/usr/include/libpng12 -I/usr/include/libxml2 -I/usr/include/libgnomecanvas-2.0 -I/usr/include/gail-1.0 -I/usr/include/libart-2.0  '
PACKAGE_LIBS='-lxml2 -lgnomecanvas-2 -lart_lgpl_2 -lgtk-x11-2.0 -lgdk-x11-2.0 -latk-1.0 -lpangoft2-1.0 -lgdk_pixbuf-2.0 -lm -lpangocairo-1.0 -lgio-2.0 -lcairo -lpango-1.0 -lfreetype -lz -lfontconfig -lgobject-2.0 -lgmodule-2.0 -lglib-2.0  '
PACKAGE_NAME='libskin'
PACKAGE_STRING='libskin 0.1.0'
PACKAGE_TARNAME='libskin'
PACKAGE_VERSION='0.1.0'
PATH_SEPARATOR=':'
PERL='perl'
PKG_CONFIG='/usr/bin/pkg-config'
RANLIB='ranlib'
REBUILD='#'
SED='/bin/sed'
SET_MAKE=''
SHELL='/bin/bash'
STRIP='strip'
VERSION='0.1.0'
ac_ct_CC='gcc'
ac_ct_DUMPBIN=''
am__fastdepCC_FALSE='#'
am__fastdepCC_TRUE=''
am__include='include'
am__leading_dot='.'
am__quote=''
am__tar='${AMTAR} chof - "$$tardir"'
am__untar='${AMTAR} xf -'
bindir='${exec_prefix}/bin'
build='i686-pc-linux-gnu'
build_alias=''
build_cpu='i686'
build_os='linux-gnu'
build_vendor='pc'
datadir='${datarootdir}'
datarootdir='${prefix}/share'
docdir='${datarootdir}/doc/${PACKAGE_TARNAME}'
dvidir='${docdir}'
exec_prefix='${prefix}'
host='i686-pc-linux-gnu'
host_alias=''
host_cpu='i686'
host_os='linux-gnu'
host_vendor='pc'
htmldir='${docdir}'
includedir='${prefix}/include'
infodir='${datarootdir}/info'
install_sh='/home/kelvenxu/proj/libskin/install-sh'
libdir='${exec_prefix}/lib'
libexecdir='${exec_prefix}/libexec'
localedir='${datarootdir}/locale'
localstatedir='${prefix}/var'
lt_ECHO='echo'
mandir='${datarootdir}/man'
mkdir_p='mkdir -p --'
oldincludedir='/usr/include'
pdfdir='${docdir}'
prefix='/usr/local'
program_transform_name='s,x,x,'
psdir='${docdir}'
sbindir='${exec_prefix}/sbin'
sharedstatedir='${prefix}/com'
sysconfdir='${prefix}/etc'
target_alias=''

## ----------- ##
## confdefs.h. ##
## ----------- ##

#define PACKAGE_NAME "libskin"
#define PACKAGE_TARNAME "libskin"
#define PACKAGE_VERSION "0.1.0"
#define PACKAGE_STRING "libskin 0.1.0"
#define PACKAGE_BUGREPORT "chipx86@chipx86.com"
#define LIBSKIN_MAJOR_VERSION 0
#define LIBSKIN_MINOR_VERSION 1
#define LIBSKIN_MICRO_VERSION 0
#define LIBSKIN_VERSION "0.1.0"
#define PACKAGE "libskin"
#define VERSION "0.1.0"
#define STDC_HEADERS 1
#define HAVE_SYS_TYPES_H 1
#define HAVE_SYS_STAT_H 1
#define HAVE_STDLIB_H 1
#define HAVE_STRING_H 1
#define HAVE_MEMORY_H 1
#define HAVE_STRINGS_H 1
#define HAVE_INTTYPES_H 1
#define HAVE_STDINT_H 1
#define HAVE_UNISTD_H 1
#define HAVE_DLFCN_H 1
#define LT_OBJDIR ".libs/"
#define DBUS_API_SUBJECT_TO_CHANGE
#define ISO_CODES_PREFIX "/usr"
#define HAVE_ISO_CODES 1

configure: exit 0

## ---------------------- ##
## Running config.status. ##
## ---------------------- ##

This file was extended by libskin config.status 0.1.0, which was
generated by GNU Autoconf 2.61.  Invocation command line was

  CONFIG_FILES    = 
  CONFIG_HEADERS  = 
  CONFIG_LINKS    = 
  CONFIG_COMMANDS = 
  $ ./config.status 

on kelvenxu

config.status:865: creating libskin.pc
config.status:865: creating Makefile
config.status:865: creating libskin/Makefile
config.status:865: creating tests/Makefile
config.status:865: creating docs/Makefile
config.status:865: creating docs/reference/Makefile
config.status:865: creating config.h
config.status:1140: executing depfiles commands
config.status:1140: executing libtool commands
